2026-04-04 14:59:48,213 - __main__ - INFO - **Starting server on port 8888**
INFO:     Will watch for changes in these directories: ['/Users/easontsui/Documents/GitHub/tmp_name']
INFO:     Uvicorn running on http://0.0.0.0:8888 (Press CTRL+C to quit)
INFO:     Started reloader process [69079] using WatchFiles
INFO:     Started server process [69141]
INFO:     Waiting for application startup.
2026-04-04 14:59:48,518 - main - INFO - Starting TiedStory Server... DB initialized.
2026-04-04 14:59:48,518 - main - INFO - [AI Echo Scheduler] started
INFO:     Application startup complete.
2026-04-04 14:59:48,619 - watchfiles.main - INFO - 8 changes detected
2026-04-04 15:00:18,626 - watchfiles.main - INFO - 4 changes detected
2026-04-04 15:00:48,630 - watchfiles.main - INFO - 4 changes detected
2026-04-04 15:01:18,600 - watchfiles.main - INFO - 4 changes detected
2026-04-04 15:01:48,594 - watchfiles.main - INFO - 4 changes detected
2026-04-04 15:02:18,610 - watchfiles.main - INFO - 4 changes detected
2026-04-04 15:02:48,601 - watchfiles.main - INFO - 4 changes detected
2026-04-04 15:03:18,634 - watchfiles.main - INFO - 4 changes detected
2026-04-04 15:03:48,621 - watchfiles.main - INFO - 4 changes detected
2026-04-04 15:04:18,622 - watchfiles.main - INFO - 4 changes detected
2026-04-04 15:04:48,612 - watchfiles.main - INFO - 4 changes detected
2026-04-04 15:05:18,617 - watchfiles.main - INFO - 4 changes detected
2026-04-04 15:05:48,648 - watchfiles.main - INFO - 4 changes detected
2026-04-04 15:06:18,662 - watchfiles.main - INFO - 4 changes detected
2026-04-04 15:06:48,669 - watchfiles.main - INFO - 4 changes detected
2026-04-04 15:07:18,647 - watchfiles.main - INFO - 4 changes detected
2026-04-04 15:07:48,650 - watchfiles.main - INFO - 4 changes detected
2026-04-04 15:08:18,641 - watchfiles.main - INFO - 4 changes detected
2026-04-04 15:08:48,648 - watchfiles.main - INFO - 4 changes detected
2026-04-04 15:09:18,667 - watchfiles.main - INFO - 4 changes detected
2026-04-04 15:09:48,661 - watchfiles.main - INFO - 4 changes detected
2026-04-04 15:10:18,687 - watchfiles.main - INFO - 4 changes detected
2026-04-04 15:10:48,661 - watchfiles.main - INFO - 4 changes detected
2026-04-04 15:11:18,674 - watchfiles.main - INFO - 4 changes detected
2026-04-04 15:11:48,676 - watchfiles.main - INFO - 4 changes detected
2026-04-04 15:12:18,686 - watchfiles.main - INFO - 4 changes detected
2026-04-04 15:12:22,884 - watchfiles.main - INFO - 1 change detected
2026-04-04 15:12:28,892 - watchfiles.main - INFO - 1 change detected
2026-04-04 15:12:48,707 - watchfiles.main - INFO - 4 changes detected
2026-04-04 15:12:56,979 - watchfiles.main - INFO - 1 change detected
2026-04-04 15:13:02,229 - watchfiles.main - INFO - 1 change detected
2026-04-04 15:13:06,987 - watchfiles.main - INFO - 1 change detected
2026-04-04 15:13:18,701 - watchfiles.main - INFO - 4 changes detected
2026-04-04 15:13:25,412 - watchfiles.main - INFO - 1 change detected
2026-04-04 15:13:36,328 - watchfiles.main - INFO - 1 change detected
2026-04-04 15:13:41,943 - watchfiles.main - INFO - 1 change detected
2026-04-04 15:13:47,866 - watchfiles.main - INFO - 1 change detected
2026-04-04 15:13:48,708 - watchfiles.main - INFO - 4 changes detected
2026-04-04 15:13:53,281 - watchfiles.main - INFO - 1 change detected
2026-04-04 15:13:58,923 - watchfiles.main - INFO - 1 change detected
2026-04-04 15:14:18,668 - watchfiles.main - INFO - 4 changes detected
2026-04-04 15:14:22,369 - watchfiles.main - INFO - 1 change detected
2026-04-04 15:14:27,370 - watchfiles.main - INFO - 1 change detected
2026-04-04 15:14:36,626 - watchfiles.main - INFO - 1 change detected
2026-04-04 15:14:42,992 - watchfiles.main - INFO - 1 change detected
2026-04-04 15:14:48,681 - watchfiles.main - INFO - 4 changes detected
2026-04-04 15:14:52,807 - watchfiles.main - INFO - 1 change detected
2026-04-04 15:15:00,615 - watchfiles.main - INFO - 1 change detected
2026-04-04 15:15:12,574 - watchfiles.main - INFO - 1 change detected
2026-04-04 15:15:17,406 - watchfiles.main - INFO - 1 change detected
2026-04-04 15:15:18,679 - watchfiles.main - INFO - 4 changes detected
2026-04-04 15:15:48,686 - watchfiles.main - INFO - 4 changes detected
2026-04-04 15:16:18,701 - watchfiles.main - INFO - 4 changes detected
2026-04-04 15:16:37,688 - watchfiles.main - INFO - 1 change detected
2026-04-04 15:16:43,352 - watchfiles.main - INFO - 1 change detected
2026-04-04 15:16:48,673 - watchfiles.main - INFO - 4 changes detected
2026-04-04 15:16:58,291 - watchfiles.main - INFO - 1 change detected
2026-04-04 15:17:07,494 - watchfiles.main - INFO - 1 change detected
2026-04-04 15:17:18,706 - watchfiles.main - INFO - 4 changes detected
2026-04-04 15:17:48,689 - watchfiles.main - INFO - 4 changes detected
2026-04-04 15:18:18,752 - watchfiles.main - INFO - 4 changes detected
2026-04-04 15:18:48,725 - watchfiles.main - INFO - 4 changes detected
2026-04-04 15:19:18,718 - watchfiles.main - INFO - 4 changes detected
2026-04-04 15:19:48,689 - watchfiles.main - INFO - 4 changes detected
2026-04-04 15:20:18,699 - watchfiles.main - INFO - 4 changes detected
2026-04-04 15:20:48,706 - watchfiles.main - INFO - 4 changes detected
2026-04-04 15:21:18,688 - watchfiles.main - INFO - 4 changes detected
2026-04-04 15:21:48,703 - watchfiles.main - INFO - 4 changes detected
2026-04-04 15:22:18,815 - watchfiles.main - INFO - 4 changes detected
2026-04-04 15:22:48,695 - watchfiles.main - INFO - 4 changes detected
2026-04-04 15:23:18,694 - watchfiles.main - INFO - 4 changes detected
2026-04-04 15:23:48,730 - watchfiles.main - INFO - 4 changes detected
2026-04-04 15:24:18,688 - watchfiles.main - INFO - 4 changes detected
2026-04-04 15:24:48,726 - watchfiles.main - INFO - 4 changes detected
2026-04-04 15:25:18,731 - watchfiles.main - INFO - 4 changes detected
2026-04-04 15:25:48,696 - watchfiles.main - INFO - 4 changes detected
2026-04-04 15:26:18,720 - watchfiles.main - INFO - 4 changes detected
2026-04-04 15:26:48,702 - watchfiles.main - INFO - 4 changes detected
2026-04-04 15:27:18,749 - watchfiles.main - INFO - 4 changes detected
2026-04-04 15:27:48,709 - watchfiles.main - INFO - 4 changes detected
2026-04-04 15:28:18,731 - watchfiles.main - INFO - 4 changes detected
2026-04-04 15:28:48,727 - watchfiles.main - INFO - 4 changes detected
2026-04-04 15:29:18,749 - watchfiles.main - INFO - 4 changes detected
2026-04-04 15:29:48,740 - watchfiles.main - INFO - 4 changes detected
2026-04-04 15:30:18,757 - watchfiles.main - INFO - 4 changes detected
2026-04-04 15:30:48,745 - watchfiles.main - INFO - 4 changes detected
2026-04-04 15:31:18,741 - watchfiles.main - INFO - 4 changes detected
2026-04-04 15:31:48,723 - watchfiles.main - INFO - 4 changes detected
2026-04-04 15:32:18,753 - watchfiles.main - INFO - 4 changes detected
2026-04-04 15:32:48,759 - watchfiles.main - INFO - 4 changes detected
2026-04-04 15:33:18,735 - watchfiles.main - INFO - 4 changes detected
2026-04-04 15:33:48,735 - watchfiles.main - INFO - 4 changes detected
2026-04-04 15:34:18,774 - watchfiles.main - INFO - 4 changes detected
2026-04-04 15:34:48,727 - watchfiles.main - INFO - 4 changes detected
2026-04-04 15:35:18,760 - watchfiles.main - INFO - 4 changes detected
2026-04-04 15:35:48,749 - watchfiles.main - INFO - 4 changes detected
2026-04-04 15:36:18,755 - watchfiles.main - INFO - 4 changes detected
2026-04-04 15:36:48,781 - watchfiles.main - INFO - 4 changes detected
2026-04-04 15:37:18,780 - watchfiles.main - INFO - 4 changes detected
2026-04-04 15:37:32,694 - watchfiles.main - INFO - 1 change detected
2026-04-04 15:37:45,725 - watchfiles.main - INFO - 1 change detected
2026-04-04 15:37:48,756 - watchfiles.main - INFO - 4 changes detected
2026-04-04 15:38:18,794 - watchfiles.main - INFO - 4 changes detected
2026-04-04 15:38:21,546 - watchfiles.main - INFO - 1 change detected
2026-04-04 15:38:36,823 - watchfiles.main - INFO - 1 change detected
2026-04-04 15:38:48,757 - watchfiles.main - INFO - 4 changes detected
2026-04-04 15:39:18,752 - watchfiles.main - INFO - 4 changes detected
2026-04-04 15:39:22,349 - watchfiles.main - INFO - 1 change detected
2026-04-04 15:39:29,917 - watchfiles.main - INFO - 1 change detected
2026-04-04 15:39:40,261 - watchfiles.main - INFO - 1 change detected
2026-04-04 15:39:48,796 - watchfiles.main - INFO - 4 changes detected
2026-04-04 15:39:53,320 - watchfiles.main - INFO - 1 change detected
2026-04-04 15:40:12,241 - watchfiles.main - INFO - 1 change detected
2026-04-04 15:40:18,789 - watchfiles.main - INFO - 4 changes detected
2026-04-04 15:40:34,525 - watchfiles.main - INFO - 1 change detected
2026-04-04 15:40:48,780 - watchfiles.main - INFO - 4 changes detected
2026-04-04 15:41:18,750 - watchfiles.main - INFO - 4 changes detected
2026-04-04 15:41:48,814 - watchfiles.main - INFO - 4 changes detected
2026-04-04 15:42:18,774 - watchfiles.main - INFO - 4 changes detected
2026-04-04 15:42:48,763 - watchfiles.main - INFO - 4 changes detected
2026-04-04 15:43:18,772 - watchfiles.main - INFO - 4 changes detected
2026-04-04 15:43:48,778 - watchfiles.main - INFO - 4 changes detected
2026-04-04 15:44:18,801 - watchfiles.main - INFO - 4 changes detected
2026-04-04 15:44:48,821 - watchfiles.main - INFO - 4 changes detected
2026-04-04 15:45:18,818 - watchfiles.main - INFO - 4 changes detected
2026-04-04 15:45:38,214 - watchfiles.main - INFO - 1 change detected
2026-04-04 15:45:48,803 - watchfiles.main - INFO - 4 changes detected
2026-04-04 15:46:18,778 - watchfiles.main - INFO - 4 changes detected
2026-04-04 15:46:34,601 - watchfiles.main - INFO - 1 change detected
2026-04-04 15:46:48,816 - watchfiles.main - INFO - 4 changes detected
2026-04-04 15:47:18,800 - watchfiles.main - INFO - 4 changes detected
2026-04-04 15:47:23,320 - watchfiles.main - INFO - 1 change detected
2026-04-04 15:47:48,822 - watchfiles.main - INFO - 4 changes detected
2026-04-04 15:47:57,755 - watchfiles.main - INFO - 1 change detected
2026-04-04 15:48:18,810 - watchfiles.main - INFO - 4 changes detected
2026-04-04 15:48:48,796 - watchfiles.main - INFO - 4 changes detected
2026-04-04 15:49:18,807 - watchfiles.main - INFO - 4 changes detected
2026-04-04 15:49:19,859 - watchfiles.main - INFO - 1 change detected
2026-04-04 15:49:48,816 - watchfiles.main - INFO - 4 changes detected
2026-04-04 15:50:18,821 - watchfiles.main - INFO - 4 changes detected
2026-04-04 15:50:48,830 - watchfiles.main - INFO - 4 changes detected
2026-04-04 15:51:18,799 - watchfiles.main - INFO - 4 changes detected
2026-04-04 15:51:48,845 - watchfiles.main - INFO - 4 changes detected
2026-04-04 15:52:18,848 - watchfiles.main - INFO - 4 changes detected
2026-04-04 15:52:48,830 - watchfiles.main - INFO - 4 changes detected
2026-04-04 15:53:18,838 - watchfiles.main - INFO - 4 changes detected
2026-04-04 15:53:48,856 - watchfiles.main - INFO - 4 changes detected
2026-04-04 15:54:18,899 - watchfiles.main - INFO - 4 changes detected
2026-04-04 15:54:48,856 - watchfiles.main - INFO - 4 changes detected
2026-04-04 15:55:18,858 - watchfiles.main - INFO - 4 changes detected
2026-04-04 15:55:48,879 - watchfiles.main - INFO - 4 changes detected
2026-04-04 15:56:18,896 - watchfiles.main - INFO - 4 changes detected
2026-04-04 15:56:48,862 - watchfiles.main - INFO - 4 changes detected
2026-04-04 15:57:18,876 - watchfiles.main - INFO - 4 changes detected
2026-04-04 15:57:48,865 - watchfiles.main - INFO - 4 changes detected
2026-04-04 15:58:18,869 - watchfiles.main - INFO - 4 changes detected
2026-04-04 15:58:48,884 - watchfiles.main - INFO - 4 changes detected
2026-04-04 15:59:18,913 - watchfiles.main - INFO - 4 changes detected
2026-04-04 15:59:48,918 - watchfiles.main - INFO - 4 changes detected
2026-04-04 16:00:18,881 - watchfiles.main - INFO - 4 changes detected
2026-04-04 16:00:48,917 - watchfiles.main - INFO - 4 changes detected
2026-04-04 16:01:18,924 - watchfiles.main - INFO - 4 changes detected
2026-04-04 16:01:48,888 - watchfiles.main - INFO - 4 changes detected
2026-04-04 16:02:18,911 - watchfiles.main - INFO - 4 changes detected
2026-04-04 16:02:48,889 - watchfiles.main - INFO - 4 changes detected
2026-04-04 16:03:18,895 - watchfiles.main - INFO - 4 changes detected
2026-04-04 16:03:48,904 - watchfiles.main - INFO - 4 changes detected
2026-04-04 16:04:18,912 - watchfiles.main - INFO - 4 changes detected
2026-04-04 16:04:48,910 - watchfiles.main - INFO - 4 changes detected
2026-04-04 16:05:18,910 - watchfiles.main - INFO - 4 changes detected
2026-04-04 16:05:48,936 - watchfiles.main - INFO - 4 changes detected
2026-04-04 16:06:18,953 - watchfiles.main - INFO - 4 changes detected
2026-04-04 16:06:48,954 - watchfiles.main - INFO - 4 changes detected
2026-04-04 16:07:18,927 - watchfiles.main - INFO - 4 changes detected
2026-04-04 16:07:48,930 - watchfiles.main - INFO - 4 changes detected
2026-04-04 16:08:18,940 - watchfiles.main - INFO - 4 changes detected
2026-04-04 16:08:48,921 - watchfiles.main - INFO - 4 changes detected
2026-04-04 16:09:18,948 - watchfiles.main - INFO - 4 changes detected
2026-04-04 16:09:48,926 - watchfiles.main - INFO - 4 changes detected
2026-04-04 16:10:18,969 - watchfiles.main - INFO - 4 changes detected
2026-04-04 16:10:48,975 - watchfiles.main - INFO - 4 changes detected
2026-04-04 16:11:18,971 - watchfiles.main - INFO - 4 changes detected
2026-04-04 16:11:48,948 - watchfiles.main - INFO - 4 changes detected
2026-04-04 16:12:18,965 - watchfiles.main - INFO - 4 changes detected
2026-04-04 16:12:41,733 - watchfiles.main - INFO - 2 changes detected
2026-04-04 16:12:48,945 - watchfiles.main - INFO - 4 changes detected
2026-04-04 16:12:58,139 - watchfiles.main - INFO - 76 changes detected
2026-04-04 16:13:10,572 - watchfiles.main - INFO - 4 changes detected
2026-04-04 16:13:18,978 - watchfiles.main - INFO - 4 changes detected
2026-04-04 16:13:48,997 - watchfiles.main - INFO - 4 changes detected
2026-04-04 16:14:18,964 - watchfiles.main - INFO - 4 changes detected
2026-04-04 16:14:48,977 - watchfiles.main - INFO - 4 changes detected
2026-04-04 16:15:18,993 - watchfiles.main - INFO - 4 changes detected
2026-04-04 16:15:48,998 - watchfiles.main - INFO - 4 changes detected
2026-04-04 16:16:18,961 - watchfiles.main - INFO - 4 changes detected
2026-04-04 16:16:48,998 - watchfiles.main - INFO - 4 changes detected
2026-04-04 16:17:18,977 - watchfiles.main - INFO - 4 changes detected
2026-04-04 16:17:48,976 - watchfiles.main - INFO - 4 changes detected
2026-04-04 16:18:18,991 - watchfiles.main - INFO - 4 changes detected
2026-04-04 16:18:48,988 - watchfiles.main - INFO - 4 changes detected
2026-04-04 16:19:19,008 - watchfiles.main - INFO - 4 changes detected
2026-04-04 16:19:48,980 - watchfiles.main - INFO - 4 changes detected
2026-04-04 16:20:18,990 - watchfiles.main - INFO - 4 changes detected
2026-04-04 16:20:48,987 - watchfiles.main - INFO - 4 changes detected
2026-04-04 16:21:19,025 - watchfiles.main - INFO - 4 changes detected
2026-04-04 16:21:49,027 - watchfiles.main - INFO - 4 changes detected
2026-04-04 16:22:19,006 - watchfiles.main - INFO - 4 changes detected
2026-04-04 16:22:49,003 - watchfiles.main - INFO - 4 changes detected
2026-04-04 16:23:19,021 - watchfiles.main - INFO - 4 changes detected
2026-04-04 16:23:49,006 - watchfiles.main - INFO - 4 changes detected
2026-04-04 16:24:19,045 - watchfiles.main - INFO - 4 changes detected
2026-04-04 16:24:49,032 - watchfiles.main - INFO - 4 changes detected
2026-04-04 16:25:19,023 - watchfiles.main - INFO - 4 changes detected
2026-04-04 16:25:49,047 - watchfiles.main - INFO - 4 changes detected
2026-04-04 16:26:03,222 - watchfiles.main - INFO - 1 change detected
2026-04-04 16:26:19,054 - watchfiles.main - INFO - 4 changes detected
2026-04-04 16:26:49,022 - watchfiles.main - INFO - 4 changes detected
2026-04-04 16:27:09,963 - watchfiles.main - INFO - 1 change detected
2026-04-04 16:27:18,662 - watchfiles.main - INFO - 1 change detected
2026-04-04 16:27:19,018 - watchfiles.main - INFO - 4 changes detected
2026-04-04 16:27:22,976 - watchfiles.main - INFO - 1 change detected
2026-04-04 16:27:25,203 - watchfiles.main - INFO - 1 change detected
2026-04-04 16:27:31,273 - watchfiles.main - INFO - 1 change detected
2026-04-04 16:27:49,026 - watchfiles.main - INFO - 4 changes detected
2026-04-04 16:28:19,016 - watchfiles.main - INFO - 4 changes detected
2026-04-04 16:28:49,055 - watchfiles.main - INFO - 4 changes detected
2026-04-04 16:29:13,648 - watchfiles.main - INFO - 1 change detected
2026-04-04 16:29:19,305 - watchfiles.main - INFO - 4 changes detected
2026-04-04 16:29:49,062 - watchfiles.main - INFO - 4 changes detected
2026-04-04 16:30:19,060 - watchfiles.main - INFO - 4 changes detected
2026-04-04 16:30:49,035 - watchfiles.main - INFO - 4 changes detected
2026-04-04 16:30:53,691 - watchfiles.main - INFO - 1 change detected
2026-04-04 16:31:19,062 - watchfiles.main - INFO - 4 changes detected
2026-04-04 16:31:49,042 - watchfiles.main - INFO - 4 changes detected
2026-04-04 16:32:19,075 - watchfiles.main - INFO - 4 changes detected
2026-04-04 16:32:49,065 - watchfiles.main - INFO - 4 changes detected
2026-04-04 16:32:52,105 - watchfiles.main - INFO - 1 change detected
2026-04-04 16:32:52,460 - watchfiles.main - INFO - 1 change detected
2026-04-04 16:32:55,140 - watchfiles.main - INFO - 1 change detected
2026-04-04 16:33:00,801 - watchfiles.main - INFO - 1 change detected
2026-04-04 16:33:04,041 - watchfiles.main - INFO - 1 change detected
2026-04-04 16:33:06,532 - watchfiles.main - INFO - 1 change detected
2026-04-04 16:33:08,961 - watchfiles.main - INFO - 1 change detected
2026-04-04 16:33:11,607 - watchfiles.main - INFO - 1 change detected
2026-04-04 16:33:14,196 - watchfiles.main - INFO - 1 change detected
2026-04-04 16:33:16,908 - watchfiles.main - INFO - 1 change detected
2026-04-04 16:33:19,035 - watchfiles.main - INFO - 4 changes detected
2026-04-04 16:33:22,890 - watchfiles.main - INFO - 1 change detected
2026-04-04 16:33:41,168 - watchfiles.main - INFO - 1 change detected
2026-04-04 16:33:43,493 - watchfiles.main - INFO - 1 change detected
2026-04-04 16:33:49,117 - watchfiles.main - INFO - 4 changes detected
2026-04-04 16:33:55,015 - watchfiles.main - INFO - 1 change detected
2026-04-04 16:33:57,750 - watchfiles.main - INFO - 1 change detected
2026-04-04 16:33:59,877 - watchfiles.main - INFO - 1 change detected
2026-04-04 16:34:02,677 - watchfiles.main - INFO - 1 change detected
2026-04-04 16:34:19,060 - watchfiles.main - INFO - 4 changes detected
2026-04-04 16:34:49,084 - watchfiles.main - INFO - 4 changes detected
2026-04-04 16:35:19,086 - watchfiles.main - INFO - 4 changes detected
2026-04-04 16:35:49,074 - watchfiles.main - INFO - 4 changes detected
2026-04-04 16:36:19,064 - watchfiles.main - INFO - 4 changes detected
2026-04-04 16:36:49,098 - watchfiles.main - INFO - 4 changes detected
2026-04-04 16:37:19,113 - watchfiles.main - INFO - 4 changes detected
2026-04-04 16:37:49,072 - watchfiles.main - INFO - 4 changes detected
2026-04-04 16:38:19,120 - watchfiles.main - INFO - 4 changes detected
2026-04-04 16:38:49,078 - watchfiles.main - INFO - 4 changes detected
2026-04-04 16:39:19,096 - watchfiles.main - INFO - 4 changes detected
2026-04-04 16:39:49,112 - watchfiles.main - INFO - 4 changes detected
2026-04-04 16:40:19,141 - watchfiles.main - INFO - 4 changes detected
2026-04-04 16:40:49,095 - watchfiles.main - INFO - 4 changes detected
2026-04-04 16:41:19,109 - watchfiles.main - INFO - 4 changes detected
2026-04-04 16:41:49,120 - watchfiles.main - INFO - 4 changes detected
2026-04-04 16:42:19,106 - watchfiles.main - INFO - 4 changes detected
2026-04-04 16:42:49,126 - watchfiles.main - INFO - 4 changes detected
2026-04-04 16:43:19,126 - watchfiles.main - INFO - 4 changes detected
2026-04-04 16:43:49,117 - watchfiles.main - INFO - 4 changes detected
2026-04-04 16:44:19,118 - watchfiles.main - INFO - 4 changes detected
2026-04-04 16:44:49,155 - watchfiles.main - INFO - 4 changes detected
2026-04-04 16:45:19,156 - watchfiles.main - INFO - 4 changes detected
2026-04-04 16:45:49,146 - watchfiles.main - INFO - 4 changes detected
2026-04-04 16:46:19,138 - watchfiles.main - INFO - 4 changes detected
2026-04-04 16:46:49,156 - watchfiles.main - INFO - 4 changes detected
2026-04-04 16:47:19,159 - watchfiles.main - INFO - 4 changes detected
2026-04-04 16:47:49,121 - watchfiles.main - INFO - 4 changes detected
2026-04-04 16:48:19,174 - watchfiles.main - INFO - 4 changes detected
2026-04-04 16:48:49,137 - watchfiles.main - INFO - 4 changes detected
2026-04-04 16:49:19,163 - watchfiles.main - INFO - 4 changes detected
